{"/Users/jichow/work/dev/pkf-5/day2/express/require-auth.js":{"path":"/Users/jichow/work/dev/pkf-5/day2/express/require-auth.js","s":{"1":1,"2":1,"3":1,"4":3,"5":1,"6":2,"7":1,"8":3,"9":3,"10":1,"11":2,"12":1,"13":3,"14":1,"15":2,"16":2,"17":2},"b":{"1":[1,2],"2":[3,1],"3":[3,1],"4":[3,1],"5":[1,2],"6":[1,2]},"f":{"1":0,"2":0,"3":3,"4":3,"5":3},"fnMap":{"1":{"name":"getUsername","line":5,"loc":{"start":{"line":5,"column":0},"end":{"line":5,"column":25}}},"2":{"name":"getPassword","line":8,"loc":{"start":{"line":8,"column":0},"end":{"line":8,"column":26}}},"3":{"name":"validCredentials","line":11,"loc":{"start":{"line":11,"column":0},"end":{"line":11,"column":46}}},"4":{"name":"logIn","line":18,"loc":{"start":{"line":18,"column":0},"end":{"line":18,"column":25}}},"5":{"name":"requireAuth","line":33,"loc":{"start":{"line":33,"column":17},"end":{"line":33,"column":54}}}},"statementMap":{"1":{"start":{"line":5,"column":0},"end":{"line":7,"column":1}},"2":{"start":{"line":8,"column":0},"end":{"line":10,"column":1}},"3":{"start":{"line":11,"column":0},"end":{"line":17,"column":1}},"4":{"start":{"line":12,"column":4},"end":{"line":16,"column":5}},"5":{"start":{"line":13,"column":1},"end":{"line":13,"column":13}},"6":{"start":{"line":15,"column":1},"end":{"line":15,"column":14}},"7":{"start":{"line":18,"column":0},"end":{"line":31,"column":1}},"8":{"start":{"line":19,"column":4},"end":{"line":24,"column":19}},"9":{"start":{"line":26,"column":4},"end":{"line":30,"column":5}},"10":{"start":{"line":27,"column":1},"end":{"line":27,"column":13}},"11":{"start":{"line":29,"column":1},"end":{"line":29,"column":14}},"12":{"start":{"line":33,"column":0},"end":{"line":41,"column":2}},"13":{"start":{"line":34,"column":4},"end":{"line":40,"column":5}},"14":{"start":{"line":35,"column":1},"end":{"line":35,"column":8}},"15":{"start":{"line":37,"column":1},"end":{"line":37,"column":22}},"16":{"start":{"line":38,"column":1},"end":{"line":38,"column":44}},"17":{"start":{"line":39,"column":1},"end":{"line":39,"column":30}}},"branchMap":{"1":{"line":12,"type":"if","locations":[{"start":{"line":12,"column":4},"end":{"line":12,"column":4}},{"start":{"line":12,"column":4},"end":{"line":12,"column":4}}]},"2":{"line":12,"type":"binary-expr","locations":[{"start":{"line":12,"column":8},"end":{"line":12,"column":27}},{"start":{"line":12,"column":31},"end":{"line":12,"column":53}}]},"3":{"line":19,"type":"binary-expr","locations":[{"start":{"line":19,"column":15},"end":{"line":19,"column":43}},{"start":{"line":19,"column":45},"end":{"line":19,"column":47}}]},"4":{"line":20,"type":"binary-expr","locations":[{"start":{"line":20,"column":7},"end":{"line":20,"column":32}},{"start":{"line":20,"column":34},"end":{"line":20,"column":36}}]},"5":{"line":26,"type":"if","locations":[{"start":{"line":26,"column":4},"end":{"line":26,"column":4}},{"start":{"line":26,"column":4},"end":{"line":26,"column":4}}]},"6":{"line":34,"type":"if","locations":[{"start":{"line":34,"column":4},"end":{"line":34,"column":4}},{"start":{"line":34,"column":4},"end":{"line":34,"column":4}}]}}}}