TN:
SF:/Users/jichow/work/dev/pkf-5/day2/express/require-auth.js
FN:5,getUsername
FN:8,getPassword
FN:11,validCredentials
FN:18,logIn
FN:33,requireAuth
FNF:5
FNH:3
FNDA:0,getUsername
FNDA:0,getPassword
FNDA:3,validCredentials
FNDA:3,logIn
FNDA:3,requireAuth
DA:5,1
DA:8,1
DA:11,1
DA:12,3
DA:13,1
DA:15,2
DA:18,1
DA:19,3
DA:26,3
DA:27,1
DA:29,2
DA:33,1
DA:34,3
DA:35,1
DA:37,2
DA:38,2
DA:39,2
LF:17
LH:17
BRDA:12,1,0,1
BRDA:12,1,1,2
BRDA:12,2,0,3
BRDA:12,2,1,1
BRDA:19,3,0,3
BRDA:19,3,1,1
BRDA:20,4,0,3
BRDA:20,4,1,1
BRDA:26,5,0,1
BRDA:26,5,1,2
BRDA:34,6,0,1
BRDA:34,6,1,2
BRF:12
BRH:12
end_of_record
