{"/Users/jichow/work/dev/pkf-5/day2/tdd-mocha/04_quantities.js":{"path":"/Users/jichow/work/dev/pkf-5/day2/tdd-mocha/04_quantities.js","s":{"1":1,"2":5,"3":5,"4":1,"5":1,"6":1,"7":1,"8":1,"9":1,"10":1,"11":1,"12":1,"13":1,"14":1,"15":1,"16":2,"17":0,"18":2,"19":0,"20":2,"21":2,"22":2,"23":1},"b":{"1":[0,2],"2":[0,2],"3":[2,2],"4":[2,0]},"f":{"1":5,"2":2},"fnMap":{"1":{"name":"Quantity","line":1,"loc":{"start":{"line":1,"column":-15},"end":{"line":1,"column":33}}},"2":{"name":"(anonymous_2)","line":19,"loc":{"start":{"line":19,"column":31},"end":{"line":19,"column":48}}}},"statementMap":{"1":{"start":{"line":1,"column":-15},"end":{"line":4,"column":1}},"2":{"start":{"line":2,"column":2},"end":{"line":2,"column":21}},"3":{"start":{"line":3,"column":2},"end":{"line":3,"column":21}},"4":{"start":{"line":6,"column":0},"end":{"line":6,"column":19}},"5":{"start":{"line":7,"column":0},"end":{"line":7,"column":17}},"6":{"start":{"line":8,"column":0},"end":{"line":8,"column":23}},"7":{"start":{"line":9,"column":0},"end":{"line":9,"column":19}},"8":{"start":{"line":10,"column":0},"end":{"line":10,"column":19}},"9":{"start":{"line":12,"column":0},"end":{"line":12,"column":26}},"10":{"start":{"line":13,"column":0},"end":{"line":13,"column":52}},"11":{"start":{"line":14,"column":0},"end":{"line":14,"column":33}},"12":{"start":{"line":15,"column":0},"end":{"line":15,"column":37}},"13":{"start":{"line":16,"column":0},"end":{"line":16,"column":32}},"14":{"start":{"line":17,"column":0},"end":{"line":17,"column":43}},"15":{"start":{"line":19,"column":0},"end":{"line":27,"column":2}},"16":{"start":{"line":20,"column":2},"end":{"line":21,"column":16}},"17":{"start":{"line":21,"column":4},"end":{"line":21,"column":16}},"18":{"start":{"line":22,"column":2},"end":{"line":23,"column":73}},"19":{"start":{"line":23,"column":4},"end":{"line":23,"column":73}},"20":{"start":{"line":24,"column":2},"end":{"line":25,"column":67}},"21":{"start":{"line":25,"column":4},"end":{"line":25,"column":67}},"22":{"start":{"line":26,"column":2},"end":{"line":26,"column":81}},"23":{"start":{"line":29,"column":0},"end":{"line":29,"column":26}}},"branchMap":{"1":{"line":20,"type":"if","locations":[{"start":{"line":20,"column":2},"end":{"line":20,"column":2}},{"start":{"line":20,"column":2},"end":{"line":20,"column":2}}]},"2":{"line":22,"type":"if","locations":[{"start":{"line":22,"column":2},"end":{"line":22,"column":2}},{"start":{"line":22,"column":2},"end":{"line":22,"column":2}}]},"3":{"line":22,"type":"binary-expr","locations":[{"start":{"line":22,"column":6},"end":{"line":22,"column":34}},{"start":{"line":22,"column":38},"end":{"line":22,"column":61}}]},"4":{"line":24,"type":"if","locations":[{"start":{"line":24,"column":2},"end":{"line":24,"column":2}},{"start":{"line":24,"column":2},"end":{"line":24,"column":2}}]}}}}